/home/esdentem/projects/libopencm3/libopencm3-git/lib/stm32/common/st_usbfs_core.c:46: warning: The following parameters of st_usbfs_set_ep_rx_bufsize(usbd_device *dev, uint8_t ep, uint32_t size) are not documented:
  parameter 'dev'
/home/esdentem/projects/libopencm3/libopencm3-git/lib/stm32/common/st_usbfs_core.h:36: warning: The following parameters of st_usbfs_set_ep_rx_bufsize(usbd_device *dev, uint8_t ep, uint32_t size) are not documented:
  parameter 'dev'
/home/esdentem/projects/libopencm3/libopencm3-git/lib/stm32/common/adc_common_v2.c:209: warning: unable to resolve reference to `adc_api_res' for \ref command
/home/esdentem/projects/libopencm3/libopencm3-git/include/libopencm3/stm32/common/gpio_common_f234.h:164: warning: Found unknown command `\list'
/home/esdentem/projects/libopencm3/libopencm3-git/include/libopencm3/stm32/common/gpio_common_f234.h:165: warning: Found unknown command `\list'
/home/esdentem/projects/libopencm3/libopencm3-git/include/libopencm3/stm32/f3/gpio.h:1: warning: Found unknown command `\list'
/home/esdentem/projects/libopencm3/libopencm3-git/include/libopencm3/stm32/f3/gpio.h:2: warning: Found unknown command `\list'
/home/esdentem/projects/libopencm3/libopencm3-git/lib/stm32/common/rcc_common_all.c:99: warning: unable to resolve reference to `rcc_ahbrstr_rst' for \ref command
/home/esdentem/projects/libopencm3/libopencm3-git/lib/stm32/common/rcc_common_all.c:100: warning: unable to resolve reference to `rcc_apb1rstr_rst' for \ref command
/home/esdentem/projects/libopencm3/libopencm3-git/lib/stm32/common/rcc_common_all.c:101: warning: unable to resolve reference to `rcc_apb2rstr_rst' for \ref command
/home/esdentem/projects/libopencm3/libopencm3-git/lib/stm32/common/rcc_common_all.c:58: warning: unable to resolve reference to `rcc_ahbenr_en' for \ref command
/home/esdentem/projects/libopencm3/libopencm3-git/lib/stm32/common/rcc_common_all.c:59: warning: unable to resolve reference to `rcc_apb1enr_en' for \ref command
/home/esdentem/projects/libopencm3/libopencm3-git/lib/stm32/common/rcc_common_all.c:60: warning: unable to resolve reference to `rcc_apb2enr_en' for \ref command
/home/esdentem/projects/libopencm3/libopencm3-git/lib/stm32/common/rcc_common_all.c:36: warning: unable to resolve reference to `rcc_ahbenr_en' for \ref command
/home/esdentem/projects/libopencm3/libopencm3-git/lib/stm32/common/rcc_common_all.c:37: warning: unable to resolve reference to `rcc_apb1enr_en' for \ref command
/home/esdentem/projects/libopencm3/libopencm3-git/lib/stm32/common/rcc_common_all.c:38: warning: unable to resolve reference to `rcc_apb2enr_en' for \ref command
/home/esdentem/projects/libopencm3/libopencm3-git/lib/stm32/common/rcc_common_all.c:78: warning: unable to resolve reference to `rcc_ahbrstr_rst' for \ref command
/home/esdentem/projects/libopencm3/libopencm3-git/lib/stm32/common/rcc_common_all.c:79: warning: unable to resolve reference to `rcc_apb1rstr_rst' for \ref command
/home/esdentem/projects/libopencm3/libopencm3-git/lib/stm32/common/rcc_common_all.c:80: warning: unable to resolve reference to `rcc_apb2rstr_rst' for \ref command
/home/esdentem/projects/libopencm3/libopencm3-git/lib/stm32/common/rcc_common_all.c:189: warning: Found unknown command `\parame'
/home/esdentem/projects/libopencm3/libopencm3-git/lib/stm32/common/spi_common_f03.c:86: warning: unable to resolve reference to `spi_crcl' for \ref command
/home/esdentem/projects/libopencm3/libopencm3-git/include/libopencm3/stm32/common/gpio_common_f234.h:164: warning: Found unknown command `\list'
/home/esdentem/projects/libopencm3/libopencm3-git/include/libopencm3/stm32/common/gpio_common_f234.h:165: warning: Found unknown command `\list'
/home/esdentem/projects/libopencm3/libopencm3-git/include/libopencm3/stm32/common/gpio_common_f234.h:164: warning: Found unknown command `\list'
/home/esdentem/projects/libopencm3/libopencm3-git/include/libopencm3/stm32/common/gpio_common_f234.h:165: warning: Found unknown command `\list'
/home/esdentem/projects/libopencm3/libopencm3-git/lib/stm32/f3/adc.c:280: warning: unable to resolve reference to `adc_watchdog_channel' for \ref command
/home/esdentem/projects/libopencm3/libopencm3-git/lib/stm32/f3/adc.c:161: warning: unable to resolve reference to `adc_cr1_discnum' for \ref command
/home/esdentem/projects/libopencm3/libopencm3-git/lib/stm32/f3/adc.c:665: warning: unable to resolve reference to `adc_trigger_injected' for \ref command
/home/esdentem/projects/libopencm3/libopencm3-git/lib/stm32/f3/adc.c:667: warning: unable to resolve reference to `adc_trigger_polarity_injected' for \ref command
/home/esdentem/projects/libopencm3/libopencm3-git/lib/stm32/f3/adc.c:629: warning: unable to resolve reference to `adc_trigger_regular' for \ref command
/home/esdentem/projects/libopencm3/libopencm3-git/lib/stm32/f3/adc.c:631: warning: unable to resolve reference to `adc_trigger_polarity_regular' for \ref command
/home/esdentem/projects/libopencm3/libopencm3-git/lib/stm32/f3/adc.c:593: warning: unable to resolve reference to `adc_ccr_adcpre' for \ref command
/home/esdentem/projects/libopencm3/libopencm3-git/lib/stm32/f3/adc.c:598: warning: The following parameters of adc_set_clk_prescale(uint32_t adc, uint32_t prescale) are not documented:
  parameter 'adc'
/home/esdentem/projects/libopencm3/libopencm3-git/lib/stm32/f3/adc.c:611: warning: unable to resolve reference to `adc_multi_mode' for \ref command
/home/esdentem/projects/libopencm3/libopencm3-git/lib/stm32/f3/adc.c:616: warning: The following parameters of adc_set_multi_mode(uint32_t adc, uint32_t mode) are not documented:
  parameter 'adc'
/home/esdentem/projects/libopencm3/libopencm3-git/lib/stm32/common/adc_common_v2.c:209: warning: unable to resolve reference to `adc_api_res' for \ref command
/home/esdentem/projects/libopencm3/libopencm3-git/lib/stm32/common/spi_common_f03.c:86: warning: unable to resolve reference to `spi_crcl' for \ref command
/home/esdentem/projects/libopencm3/libopencm3-git/lib/stm32/common/timer_common_f0234.c:34: warning: explicit link request to 'tim_ic_pol' could not be resolved
/home/esdentem/projects/libopencm3/libopencm3-git/lib/stm32/common/usart_common_v2.c:201: warning: unable to resolve reference to `usart_isr' for \ref command
/home/esdentem/projects/libopencm3/libopencm3-git/lib/stm32/common/usart_common_v2.c:153: warning: unable to resolve reference to `usart_isr_rtof' for \ref command
/home/esdentem/projects/libopencm3/libopencm3-git/lib/stm32/common/rng_common_v1.c:45: warning: argument 'pointer' of command @param is not found in the argument list of rng_get_random(uint32_t *rand_nr)
/home/esdentem/projects/libopencm3/libopencm3-git/include/libopencm3/stm32/common/rng_common_v1.h:78: warning: The following parameters of rng_get_random(uint32_t *rand_nr) are not documented:
  parameter 'rand_nr'
/home/esdentem/projects/libopencm3/libopencm3-git/include/libopencm3/stm32/common/gpio_common_f234.h:164: warning: Found unknown command `\list'
/home/esdentem/projects/libopencm3/libopencm3-git/include/libopencm3/stm32/common/gpio_common_f234.h:165: warning: Found unknown command `\list'
