/home/esdentem/projects/libopencm3/libopencm3-git/lib/stm32/f0/adc.c:40: warning: group adc_api_opmode: ignoring title "ADC Operation mode API" that does not match old title "ADC Operation Modes"

/home/esdentem/projects/libopencm3/libopencm3-git/lib/stm32/common/st_usbfs_core.c:46: warning: The following parameters of st_usbfs_set_ep_rx_bufsize(usbd_device *dev, uint8_t ep, uint32_t size) are not documented:
  parameter 'dev'
/home/esdentem/projects/libopencm3/libopencm3-git/lib/stm32/common/st_usbfs_core.h:36: warning: The following parameters of st_usbfs_set_ep_rx_bufsize(usbd_device *dev, uint8_t ep, uint32_t size) are not documented:
  parameter 'dev'
/home/esdentem/projects/libopencm3/libopencm3-git/lib/stm32/f0/usart.c:365: warning: unable to resolve reference to `usart_sr_flags' for \ref command
/home/esdentem/projects/libopencm3/libopencm3-git/lib/stm32/common/adc_common_v1.c:277: warning: argument 'chan' of command @param is not found in the argument list of adc_enable_analog_watchdog_on_selected_channel(uint32_t adc, uint8_t channel)
/home/esdentem/projects/libopencm3/libopencm3-git/lib/stm32/common/adc_common_v1.c:278: warning: unable to resolve reference to `adc_api_channel' for \ref command
/home/esdentem/projects/libopencm3/libopencm3-git/lib/stm32/common/adc_common_v2_multi.c:42: warning: unable to resolve reference to `adc_sample' for \ref command
/home/esdentem/projects/libopencm3/libopencm3-git/lib/stm32/common/adc_common_v2_multi.c:73: warning: unable to resolve reference to `adc_sample' for \ref command
/home/esdentem/projects/libopencm3/libopencm3-git/lib/stm32/f0/adc.c:157: warning: Found unknown command `\parADC'
/home/esdentem/projects/libopencm3/libopencm3-git/lib/stm32/f0/adc.c:126: warning: The following parameters of adc_set_operation_mode(uint32_t adc, enum adc_opmode opmode) are not documented:
  parameter 'opmode'
/home/esdentem/projects/libopencm3/libopencm3-git/lib/stm32/common/gpio_common_all.c:48: warning: unable to resolve reference to `gpio_port_id' for \ref command
/home/esdentem/projects/libopencm3/libopencm3-git/lib/stm32/common/gpio_common_all.c:63: warning: unable to resolve reference to `gpio_port_id' for \ref command
/home/esdentem/projects/libopencm3/libopencm3-git/lib/stm32/common/gpio_common_all.c:124: warning: unable to resolve reference to `gpio_port_id' for \ref command
/home/esdentem/projects/libopencm3/libopencm3-git/lib/stm32/common/gpio_common_all.c:96: warning: unable to resolve reference to `gpio_port_id' for \ref command
/home/esdentem/projects/libopencm3/libopencm3-git/lib/stm32/common/gpio_common_all.c:109: warning: unable to resolve reference to `gpio_port_id' for \ref command
/home/esdentem/projects/libopencm3/libopencm3-git/lib/stm32/common/gpio_common_all.c:33: warning: unable to resolve reference to `gpio_port_id' for \ref command
/home/esdentem/projects/libopencm3/libopencm3-git/lib/stm32/common/gpio_common_all.c:79: warning: unable to resolve reference to `gpio_port_id' for \ref command
/home/esdentem/projects/libopencm3/libopencm3-git/lib/stm32/common/rcc_common_all.c:237: warning: unable to resolve reference to `rcc_backupdomain_reset' for \ref command
/home/esdentem/projects/libopencm3/libopencm3-git/lib/stm32/f0/rcc.c:278: warning: explicit link request to 'osc_t' could not be resolved
/home/esdentem/projects/libopencm3/libopencm3-git/lib/stm32/f0/rcc.c:240: warning: explicit link request to 'osc_t' could not be resolved
/home/esdentem/projects/libopencm3/libopencm3-git/lib/stm32/f0/rcc.c:51: warning: explicit link request to 'osc_t' could not be resolved
/home/esdentem/projects/libopencm3/libopencm3-git/lib/stm32/f0/rcc.c:117: warning: explicit link request to 'osc_t' could not be resolved
/home/esdentem/projects/libopencm3/libopencm3-git/lib/stm32/f0/rcc.c:84: warning: explicit link request to 'osc_t' could not be resolved
/home/esdentem/projects/libopencm3/libopencm3-git/lib/stm32/f0/rcc.c:150: warning: explicit link request to 'osc_t' could not be resolved
/home/esdentem/projects/libopencm3/libopencm3-git/lib/stm32/common/rcc_common_all.c:99: warning: unable to resolve reference to `rcc_ahbrstr_rst' for \ref command
/home/esdentem/projects/libopencm3/libopencm3-git/lib/stm32/common/rcc_common_all.c:100: warning: unable to resolve reference to `rcc_apb1rstr_rst' for \ref command
/home/esdentem/projects/libopencm3/libopencm3-git/lib/stm32/common/rcc_common_all.c:101: warning: unable to resolve reference to `rcc_apb2rstr_rst' for \ref command
/home/esdentem/projects/libopencm3/libopencm3-git/lib/stm32/common/rcc_common_all.c:58: warning: unable to resolve reference to `rcc_ahbenr_en' for \ref command
/home/esdentem/projects/libopencm3/libopencm3-git/lib/stm32/common/rcc_common_all.c:59: warning: unable to resolve reference to `rcc_apb1enr_en' for \ref command
/home/esdentem/projects/libopencm3/libopencm3-git/lib/stm32/common/rcc_common_all.c:60: warning: unable to resolve reference to `rcc_apb2enr_en' for \ref command
/home/esdentem/projects/libopencm3/libopencm3-git/lib/stm32/common/rcc_common_all.c:36: warning: unable to resolve reference to `rcc_ahbenr_en' for \ref command
/home/esdentem/projects/libopencm3/libopencm3-git/lib/stm32/common/rcc_common_all.c:37: warning: unable to resolve reference to `rcc_apb1enr_en' for \ref command
/home/esdentem/projects/libopencm3/libopencm3-git/lib/stm32/common/rcc_common_all.c:38: warning: unable to resolve reference to `rcc_apb2enr_en' for \ref command
/home/esdentem/projects/libopencm3/libopencm3-git/lib/stm32/common/rcc_common_all.c:78: warning: unable to resolve reference to `rcc_ahbrstr_rst' for \ref command
/home/esdentem/projects/libopencm3/libopencm3-git/lib/stm32/common/rcc_common_all.c:79: warning: unable to resolve reference to `rcc_apb1rstr_rst' for \ref command
/home/esdentem/projects/libopencm3/libopencm3-git/lib/stm32/common/rcc_common_all.c:80: warning: unable to resolve reference to `rcc_apb2rstr_rst' for \ref command
/home/esdentem/projects/libopencm3/libopencm3-git/lib/stm32/f0/rcc.c:480: warning: unable to resolve reference to `rcc_cfgr_ahbpre' for \ref command
/home/esdentem/projects/libopencm3/libopencm3-git/lib/stm32/common/rcc_common_all.c:189: warning: Found unknown command `\parame'
/home/esdentem/projects/libopencm3/libopencm3-git/lib/stm32/f0/rcc.c:430: warning: unable to resolve reference to `rcc_cfgr_pmf' for \ref command
/home/esdentem/projects/libopencm3/libopencm3-git/lib/stm32/f0/rcc.c:443: warning: unable to resolve reference to `rcc_cfgr_pcs' for \ref command
/home/esdentem/projects/libopencm3/libopencm3-git/lib/stm32/f0/rcc.c:457: warning: unable to resolve reference to `rcc_cfgr_hsepre' for \ref command
/home/esdentem/projects/libopencm3/libopencm3-git/lib/stm32/f0/rcc.c:469: warning: argument 'ppre1' of command @param is not found in the argument list of rcc_set_ppre(uint32_t ppre)
/home/esdentem/projects/libopencm3/libopencm3-git/lib/stm32/f0/rcc.c:469: warning: unable to resolve reference to `rcc_cfgr_apb1pre' for \ref command
/home/esdentem/projects/libopencm3/libopencm3-git/include/libopencm3/stm32/f0/rcc.h:526: warning: The following parameters of rcc_set_ppre(uint32_t ppre) are not documented:
  parameter 'ppre'
/home/esdentem/projects/libopencm3/libopencm3-git/lib/stm32/f0/rcc.c:402: warning: argument 'clock_source' of command @param is not found in the argument list of rcc_set_rtc_clock_source(enum rcc_osc clk)
/home/esdentem/projects/libopencm3/libopencm3-git/include/libopencm3/stm32/f0/rcc.h:520: warning: The following parameters of rcc_set_rtc_clock_source(enum rcc_osc clk) are not documented:
  parameter 'clk'
/home/esdentem/projects/libopencm3/libopencm3-git/lib/stm32/f0/rcc.c:329: warning: argument 'osc' of command @param is not found in the argument list of rcc_set_sysclk_source(enum rcc_osc clk)
/home/esdentem/projects/libopencm3/libopencm3-git/lib/stm32/f0/rcc.c:329: warning: explicit link request to 'osc_t' could not be resolved
/home/esdentem/projects/libopencm3/libopencm3-git/include/libopencm3/stm32/f0/rcc.h:518: warning: The following parameters of rcc_set_sysclk_source(enum rcc_osc clk) are not documented:
  parameter 'clk'
/home/esdentem/projects/libopencm3/libopencm3-git/lib/stm32/f0/rcc.c:359: warning: argument 'osc' of command @param is not found in the argument list of rcc_set_usbclk_source(enum rcc_osc clk)
/home/esdentem/projects/libopencm3/libopencm3-git/lib/stm32/f0/rcc.c:359: warning: explicit link request to 'osc_t' could not be resolved
/home/esdentem/projects/libopencm3/libopencm3-git/include/libopencm3/stm32/f0/rcc.h:519: warning: The following parameters of rcc_set_usbclk_source(enum rcc_osc clk) are not documented:
  parameter 'clk'
/home/esdentem/projects/libopencm3/libopencm3-git/lib/stm32/f0/rcc.c:503: warning: explicit link request to 'osc_t' could not be resolved
/home/esdentem/projects/libopencm3/libopencm3-git/lib/stm32/f0/rcc.c:526: warning: explicit link request to 'osc_t' could not be resolved
/home/esdentem/projects/libopencm3/libopencm3-git/lib/stm32/common/spi_common_f03.c:86: warning: unable to resolve reference to `spi_crcl' for \ref command
/home/esdentem/projects/libopencm3/libopencm3-git/lib/stm32/f0/usart.c:365: warning: unable to resolve reference to `usart_sr_flags' for \ref command
/home/esdentem/projects/libopencm3/libopencm3-git/lib/stm32/common/adc_common_v2_multi.c:42: warning: unable to resolve reference to `adc_sample' for \ref command
/home/esdentem/projects/libopencm3/libopencm3-git/lib/stm32/common/adc_common_v2_multi.c:67: warning: unable to resolve reference to `adc_sample' for \ref command
/home/esdentem/projects/libopencm3/libopencm3-git/lib/stm32/f0/adc.c:164: warning: unable to resolve reference to `adc_trigger_regular' for \ref command
/home/esdentem/projects/libopencm3/libopencm3-git/lib/stm32/f0/adc.c:166: warning: unable to resolve reference to `adc_trigger_polarity_regular' for \ref command
/home/esdentem/projects/libopencm3/libopencm3-git/lib/stm32/f0/adc.c:297: warning: argument 'prescale' of command @param is not found in the argument list of adc_set_clk_source(uint32_t adc, uint32_t source)
/home/esdentem/projects/libopencm3/libopencm3-git/lib/stm32/f0/adc.c:305: warning: The following parameters of adc_set_clk_source(uint32_t adc, uint32_t source) are not documented:
  parameter 'source'
/home/esdentem/projects/libopencm3/libopencm3-git/lib/stm32/f0/adc.c:485: warning: unable to resolve reference to `adc_api_channel' for \ref command
/home/esdentem/projects/libopencm3/libopencm3-git/lib/stm32/common/gpio_common_all.c:48: warning: unable to resolve reference to `gpio_port_id' for \ref command
/home/esdentem/projects/libopencm3/libopencm3-git/lib/stm32/common/gpio_common_all.c:63: warning: unable to resolve reference to `gpio_port_id' for \ref command
/home/esdentem/projects/libopencm3/libopencm3-git/lib/stm32/common/gpio_common_f0234.c:79: warning: unable to resolve reference to `gpio_port_id' for \ref command
/home/esdentem/projects/libopencm3/libopencm3-git/lib/stm32/common/gpio_common_f0234.c:80: warning: unable to resolve reference to `gpio_mode' for \ref command
/home/esdentem/projects/libopencm3/libopencm3-git/lib/stm32/common/gpio_common_f0234.c:82: warning: unable to resolve reference to `gpio_pup' for \ref command
/home/esdentem/projects/libopencm3/libopencm3-git/lib/stm32/common/gpio_common_all.c:124: warning: unable to resolve reference to `gpio_port_id' for \ref command
/home/esdentem/projects/libopencm3/libopencm3-git/lib/stm32/common/gpio_common_all.c:96: warning: unable to resolve reference to `gpio_port_id' for \ref command
/home/esdentem/projects/libopencm3/libopencm3-git/lib/stm32/common/gpio_common_all.c:109: warning: unable to resolve reference to `gpio_port_id' for \ref command
/home/esdentem/projects/libopencm3/libopencm3-git/lib/stm32/common/gpio_common_all.c:33: warning: unable to resolve reference to `gpio_port_id' for \ref command
/home/esdentem/projects/libopencm3/libopencm3-git/lib/stm32/common/gpio_common_f0234.c:169: warning: unable to resolve reference to `gpio_port_id' for \ref command
/home/esdentem/projects/libopencm3/libopencm3-git/lib/stm32/common/gpio_common_f0234.c:171: warning: unable to resolve reference to `gpio_af_num' for \ref command
/home/esdentem/projects/libopencm3/libopencm3-git/lib/stm32/common/gpio_common_f0234.c:123: warning: unable to resolve reference to `gpio_port_id' for \ref command
/home/esdentem/projects/libopencm3/libopencm3-git/lib/stm32/common/gpio_common_f0234.c:124: warning: unable to resolve reference to `gpio_output_type' for \ref command
/home/esdentem/projects/libopencm3/libopencm3-git/lib/stm32/common/gpio_common_all.c:79: warning: unable to resolve reference to `gpio_port_id' for \ref command
/home/esdentem/projects/libopencm3/libopencm3-git/lib/stm32/f0/rcc.c:278: warning: explicit link request to 'osc_t' could not be resolved
/home/esdentem/projects/libopencm3/libopencm3-git/lib/stm32/f0/rcc.c:240: warning: explicit link request to 'osc_t' could not be resolved
/home/esdentem/projects/libopencm3/libopencm3-git/lib/stm32/f0/rcc.c:51: warning: explicit link request to 'osc_t' could not be resolved
/home/esdentem/projects/libopencm3/libopencm3-git/lib/stm32/f0/rcc.c:117: warning: explicit link request to 'osc_t' could not be resolved
/home/esdentem/projects/libopencm3/libopencm3-git/lib/stm32/f0/rcc.c:84: warning: explicit link request to 'osc_t' could not be resolved
/home/esdentem/projects/libopencm3/libopencm3-git/lib/stm32/f0/rcc.c:150: warning: explicit link request to 'osc_t' could not be resolved
/home/esdentem/projects/libopencm3/libopencm3-git/lib/stm32/f0/rcc.c:480: warning: unable to resolve reference to `rcc_cfgr_ahbpre' for \ref command
/home/esdentem/projects/libopencm3/libopencm3-git/lib/stm32/f0/rcc.c:430: warning: unable to resolve reference to `rcc_cfgr_pmf' for \ref command
/home/esdentem/projects/libopencm3/libopencm3-git/lib/stm32/f0/rcc.c:443: warning: unable to resolve reference to `rcc_cfgr_pcs' for \ref command
/home/esdentem/projects/libopencm3/libopencm3-git/lib/stm32/f0/rcc.c:457: warning: unable to resolve reference to `rcc_cfgr_hsepre' for \ref command
/home/esdentem/projects/libopencm3/libopencm3-git/lib/stm32/f0/rcc.c:469: warning: argument 'ppre1' of command @param is not found in the argument list of rcc_set_ppre(uint32_t ppre)
/home/esdentem/projects/libopencm3/libopencm3-git/lib/stm32/f0/rcc.c:469: warning: unable to resolve reference to `rcc_cfgr_apb1pre' for \ref command
/home/esdentem/projects/libopencm3/libopencm3-git/lib/stm32/f0/rcc.c:472: warning: The following parameters of rcc_set_ppre(uint32_t ppre) are not documented:
  parameter 'ppre'
/home/esdentem/projects/libopencm3/libopencm3-git/lib/stm32/f0/rcc.c:402: warning: argument 'clock_source' of command @param is not found in the argument list of rcc_set_rtc_clock_source(enum rcc_osc clk)
/home/esdentem/projects/libopencm3/libopencm3-git/lib/stm32/f0/rcc.c:407: warning: The following parameters of rcc_set_rtc_clock_source(enum rcc_osc clk) are not documented:
  parameter 'clk'
/home/esdentem/projects/libopencm3/libopencm3-git/lib/stm32/f0/rcc.c:329: warning: argument 'osc' of command @param is not found in the argument list of rcc_set_sysclk_source(enum rcc_osc clk)
/home/esdentem/projects/libopencm3/libopencm3-git/lib/stm32/f0/rcc.c:329: warning: explicit link request to 'osc_t' could not be resolved
/home/esdentem/projects/libopencm3/libopencm3-git/lib/stm32/f0/rcc.c:333: warning: The following parameters of rcc_set_sysclk_source(enum rcc_osc clk) are not documented:
  parameter 'clk'
/home/esdentem/projects/libopencm3/libopencm3-git/lib/stm32/f0/rcc.c:359: warning: argument 'osc' of command @param is not found in the argument list of rcc_set_usbclk_source(enum rcc_osc clk)
/home/esdentem/projects/libopencm3/libopencm3-git/lib/stm32/f0/rcc.c:359: warning: explicit link request to 'osc_t' could not be resolved
/home/esdentem/projects/libopencm3/libopencm3-git/lib/stm32/f0/rcc.c:362: warning: The following parameters of rcc_set_usbclk_source(enum rcc_osc clk) are not documented:
  parameter 'clk'
/home/esdentem/projects/libopencm3/libopencm3-git/lib/stm32/f0/rcc.c:503: warning: explicit link request to 'osc_t' could not be resolved
/home/esdentem/projects/libopencm3/libopencm3-git/lib/stm32/f0/rcc.c:526: warning: explicit link request to 'osc_t' could not be resolved
/home/esdentem/projects/libopencm3/libopencm3-git/lib/stm32/common/spi_common_f03.c:86: warning: unable to resolve reference to `spi_crcl' for \ref command
/home/esdentem/projects/libopencm3/libopencm3-git/lib/stm32/common/timer_common_f0234.c:34: warning: explicit link request to 'tim_ic_pol' could not be resolved
/home/esdentem/projects/libopencm3/libopencm3-git/lib/stm32/common/usart_common_v2.c:201: warning: unable to resolve reference to `usart_isr' for \ref command
/home/esdentem/projects/libopencm3/libopencm3-git/lib/stm32/common/usart_common_v2.c:153: warning: unable to resolve reference to `usart_isr_rtof' for \ref command
/home/esdentem/projects/libopencm3/libopencm3-git/lib/stm32/common/rng_common_v1.c:45: warning: argument 'pointer' of command @param is not found in the argument list of rng_get_random(uint32_t *rand_nr)
/home/esdentem/projects/libopencm3/libopencm3-git/include/libopencm3/stm32/common/rng_common_v1.h:78: warning: The following parameters of rng_get_random(uint32_t *rand_nr) are not documented:
  parameter 'rand_nr'
